<?xml version="1.0" encoding="UTF-8"?>
<!-- Generated by org.testng.reporters.JUnitXMLReporter -->
<testsuite hostname="DESKTOP-R9PDO4C" ignored="7" name="Default test" tests="20" failures="0" timestamp="22 Nov 2017 02:54:52 GMT" time="0.274" errors="0">
  <testcase name="@BeforeTest beforeTest" time="0.011" classname="com.selenium.unittest.max.ChangePassword">
    <failure type="java.lang.NullPointerException">
      <![CDATA[java.lang.NullPointerException
	at com.selenium.unittest.max.ChangePassword.beforeTest(ChangePassword.java:109)
	at sun.reflect.NativeMethodAccessorImpl.invoke0(Native Method)
	at sun.reflect.NativeMethodAccessorImpl.invoke(Unknown Source)
	at sun.reflect.DelegatingMethodAccessorImpl.invoke(Unknown Source)
	at java.lang.reflect.Method.invoke(Unknown Source)
	at org.testng.internal.MethodInvocationHelper.invokeMethod(MethodInvocationHelper.java:108)
	at org.testng.internal.Invoker.invokeConfigurationMethod(Invoker.java:523)
	at org.testng.internal.Invoker.invokeConfigurations(Invoker.java:224)
	at org.testng.internal.Invoker.invokeConfigurations(Invoker.java:146)
	at org.testng.TestRunner.beforeRun(TestRunner.java:658)
	at org.testng.TestRunner.run(TestRunner.java:626)
	at org.testng.SuiteRunner.runTest(SuiteRunner.java:425)
	at org.testng.SuiteRunner.runSequentially(SuiteRunner.java:420)
	at org.testng.SuiteRunner.privateRun(SuiteRunner.java:385)
	at org.testng.SuiteRunner.run(SuiteRunner.java:334)
	at org.testng.SuiteRunnerWorker.runSuite(SuiteRunnerWorker.java:52)
	at org.testng.SuiteRunnerWorker.run(SuiteRunnerWorker.java:86)
	at org.testng.TestNG.runSuitesSequentially(TestNG.java:1318)
	at org.testng.TestNG.runSuitesLocally(TestNG.java:1243)
	at org.testng.TestNG.runSuites(TestNG.java:1161)
	at org.testng.TestNG.run(TestNG.java:1129)
	at org.testng.remote.AbstractRemoteTestNG.run(AbstractRemoteTestNG.java:114)
	at org.testng.remote.RemoteTestNG.initAndRun(RemoteTestNG.java:251)
	at org.testng.remote.RemoteTestNG.main(RemoteTestNG.java:77)
]]>
    </failure>
  </testcase> <!-- @BeforeTest beforeTest -->
  <testcase name="@BeforeTest startTest" time="0.0" classname="com.selenium.integrationtest.max.ChangePassword">
    <skipped/>
  </testcase> <!-- @BeforeTest startTest -->
  <testcase name="@BeforeTest beforeTest" time="0.0" classname="com.selenium.unittest.max.Crawler">
    <skipped/>
  </testcase> <!-- @BeforeTest beforeTest -->
  <testcase name="@BeforeTest startTest" time="0.0" classname="com.selenium.integrationtest.max.Crawler">
    <skipped/>
  </testcase> <!-- @BeforeTest startTest -->
  <testcase name="@BeforeTest beforeTest" time="0.0" classname="com.selenium.unittest.max.Dictionary">
    <skipped/>
  </testcase> <!-- @BeforeTest beforeTest -->
  <testcase name="@BeforeTest startTest" time="0.0" classname="com.selenium.integrationtest.max.Dictionary">
    <skipped/>
  </testcase> <!-- @BeforeTest startTest -->
  <testcase name="@BeforeTest prastartTest" time="0.0" classname="com.selenium.integrationtest.max.ForgotPassword">
    <skipped/>
  </testcase> <!-- @BeforeTest prastartTest -->
  <testcase name="@BeforeTest prastartTest" time="0.0" classname="com.selenium.unittest.max.Home">
    <skipped/>
  </testcase> <!-- @BeforeTest prastartTest -->
  <testcase name="@BeforeTest beforeTest" time="0.0" classname="com.selenium.unittest.max.Login">
    <skipped/>
  </testcase> <!-- @BeforeTest beforeTest -->
  <testcase name="@BeforeTest prastartTest" time="0.0" classname="com.selenium.integrationtest.max.Login">
    <skipped/>
  </testcase> <!-- @BeforeTest prastartTest -->
  <testcase name="@BeforeTest prastartTest" time="0.0" classname="com.selenium.integrationtest.max.Registration">
    <skipped/>
  </testcase> <!-- @BeforeTest prastartTest -->
  <testcase name="@BeforeTest prastartTest" time="0.0" classname="com.selenium.unittest.max.Registration">
    <skipped/>
  </testcase> <!-- @BeforeTest prastartTest -->
  <testcase name="@BeforeTest prastartTest" time="0.0" classname="com.test.Testng">
    <skipped/>
  </testcase> <!-- @BeforeTest prastartTest -->
  <testcase name="@BeforeTest beforeTest" time="0.0" classname="com.selenium.unittest.max.Topics">
    <skipped/>
  </testcase> <!-- @BeforeTest beforeTest -->
  <testcase name="@BeforeTest prastartTest" time="0.0" classname="com.selenium.integrationtest.max.Topics">
    <skipped/>
  </testcase> <!-- @BeforeTest prastartTest -->
  <testcase name="@BeforeTest beforeTest" time="0.0" classname="com.selenium.unittest.max.UpdateProfile">
    <skipped/>
  </testcase> <!-- @BeforeTest beforeTest -->
  <testcase name="@BeforeTest startTest" time="0.0" classname="com.selenium.integrationtest.max.UpdateProfile">
    <skipped/>
  </testcase> <!-- @BeforeTest startTest -->
  <testcase name="@BeforeMethod beforeMethod" time="0.0" classname="com.selenium.unittest.max.Topics">
    <skipped/>
  </testcase> <!-- @BeforeMethod beforeMethod -->
  <testcase name="@BeforeMethod beforeMethod" time="0.0" classname="com.selenium.unittest.max.Topics">
    <skipped/>
  </testcase> <!-- @BeforeMethod beforeMethod -->
  <testcase name="@BeforeMethod beforeMethod" time="0.0" classname="com.selenium.unittest.max.Topics">
    <skipped/>
  </testcase> <!-- @BeforeMethod beforeMethod -->
  <testcase name="@BeforeMethod beforeTest" time="0.0" classname="com.selenium.unittest.max.Crawler">
    <skipped/>
  </testcase> <!-- @BeforeMethod beforeTest -->
  <testcase name="@BeforeMethod beforeTest" time="0.0" classname="com.selenium.unittest.max.Crawler">
    <skipped/>
  </testcase> <!-- @BeforeMethod beforeTest -->
  <testcase name="@BeforeMethod beforeTest" time="0.0" classname="com.selenium.unittest.max.Crawler">
    <skipped/>
  </testcase> <!-- @BeforeMethod beforeTest -->
  <testcase name="@BeforeMethod beforeMethod" time="0.0" classname="com.selenium.unittest.max.Registration">
    <skipped/>
  </testcase> <!-- @BeforeMethod beforeMethod -->
  <testcase name="@BeforeMethod beforeMethod" time="0.0" classname="com.selenium.unittest.max.Login">
    <skipped/>
  </testcase> <!-- @BeforeMethod beforeMethod -->
  <testcase name="@BeforeMethod beforeMethod" time="0.0" classname="com.selenium.unittest.max.Login">
    <skipped/>
  </testcase> <!-- @BeforeMethod beforeMethod -->
  <testcase name="@BeforeMethod beforeMethod" time="0.0" classname="com.selenium.unittest.max.Login">
    <skipped/>
  </testcase> <!-- @BeforeMethod beforeMethod -->
  <testcase name="@BeforeMethod beforeMethod" time="0.0" classname="com.selenium.unittest.max.Login">
    <skipped/>
  </testcase> <!-- @BeforeMethod beforeMethod -->
  <testcase name="@BeforeMethod beforeMethod" time="0.0" classname="com.selenium.unittest.max.Login">
    <skipped/>
  </testcase> <!-- @BeforeMethod beforeMethod -->
  <testcase name="@BeforeMethod beforeMethod" time="0.0" classname="com.selenium.unittest.max.Dictionary">
    <skipped/>
  </testcase> <!-- @BeforeMethod beforeMethod -->
  <testcase name="@BeforeMethod beforeMethod" time="0.0" classname="com.selenium.unittest.max.Dictionary">
    <skipped/>
  </testcase> <!-- @BeforeMethod beforeMethod -->
  <testcase name="@BeforeMethod beforeMethod" time="0.0" classname="com.selenium.unittest.max.Dictionary">
    <skipped/>
  </testcase> <!-- @BeforeMethod beforeMethod -->
  <testcase name="@BeforeMethod beforeMethod" time="0.0" classname="com.selenium.unittest.max.Dictionary">
    <skipped/>
  </testcase> <!-- @BeforeMethod beforeMethod -->
  <testcase name="@BeforeMethod beforeMethod" time="0.0" classname="com.test.Testng">
    <skipped/>
  </testcase> <!-- @BeforeMethod beforeMethod -->
  <testcase name="@AfterTest getResult" time="0.0" classname="com.selenium.integrationtest.max.ChangePassword">
    <skipped/>
  </testcase> <!-- @AfterTest getResult -->
  <testcase name="@AfterTest getResult" time="0.0" classname="com.selenium.unittest.max.ChangePassword">
    <skipped/>
  </testcase> <!-- @AfterTest getResult -->
  <testcase name="@AfterTest getResult" time="0.0" classname="com.selenium.unittest.max.Crawler">
    <skipped/>
  </testcase> <!-- @AfterTest getResult -->
  <testcase name="@AfterTest getResult" time="0.0" classname="com.selenium.unittest.max.Dictionary">
    <skipped/>
  </testcase> <!-- @AfterTest getResult -->
  <testcase name="@AfterTest finish" time="0.0" classname="com.selenium.integrationtest.max.ForgotPassword">
    <skipped/>
  </testcase> <!-- @AfterTest finish -->
  <testcase name="@AfterTest finish" time="0.0" classname="com.selenium.unittest.max.Home">
    <skipped/>
  </testcase> <!-- @AfterTest finish -->
  <testcase name="@AfterTest finish" time="0.0" classname="com.selenium.integrationtest.max.Login">
    <skipped/>
  </testcase> <!-- @AfterTest finish -->
  <testcase name="@AfterTest getResult" time="0.0" classname="com.selenium.unittest.max.Login">
    <skipped/>
  </testcase> <!-- @AfterTest getResult -->
  <testcase name="@AfterTest finish" time="0.0" classname="com.selenium.integrationtest.max.Registration">
    <skipped/>
  </testcase> <!-- @AfterTest finish -->
  <testcase name="@AfterTest getResult" time="0.0" classname="com.selenium.unittest.max.Registration">
    <skipped/>
  </testcase> <!-- @AfterTest getResult -->
  <testcase name="@AfterTest afterTest" time="0.0" classname="com.test.Testng">
    <skipped/>
  </testcase> <!-- @AfterTest afterTest -->
  <testcase name="@AfterTest getResult" time="0.0" classname="com.selenium.unittest.max.Topics">
    <skipped/>
  </testcase> <!-- @AfterTest getResult -->
  <testcase name="@AfterTest getResult" time="0.0" classname="com.selenium.unittest.max.UpdateProfile">
    <skipped/>
  </testcase> <!-- @AfterTest getResult -->
  <testcase name="emptyBrandKeywordTopicsProductReview" time="0.0" classname="com.selenium.unittest.max.Topics">
    <skipped/>
  </testcase> <!-- emptyBrandKeywordTopicsProductReview -->
  <testcase name="emptyKeywordTopicsProductReview" time="0.0" classname="com.selenium.unittest.max.Topics">
    <skipped/>
  </testcase> <!-- emptyKeywordTopicsProductReview -->
  <testcase name="emptySourceTopicsProductReview" time="0.0" classname="com.selenium.unittest.max.Topics">
    <skipped/>
  </testcase> <!-- emptySourceTopicsProductReview -->
  <testcase name="linkRegister" time="0.0" classname="com.selenium.unittest.max.Home">
    <skipped/>
  </testcase> <!-- linkRegister -->
  <testcase name="linkSignIn" time="0.0" classname="com.selenium.unittest.max.Home">
    <skipped/>
  </testcase> <!-- linkSignIn -->
  <testcase name="emptyKeyword" time="0.0" classname="com.selenium.unittest.max.Crawler">
    <skipped/>
  </testcase> <!-- emptyKeyword -->
  <testcase name="emptyNameSource" time="0.001" classname="com.selenium.unittest.max.Crawler">
    <skipped/>
  </testcase> <!-- emptyNameSource -->
  <testcase name="emptySource" time="0.0" classname="com.selenium.unittest.max.Crawler">
    <skipped/>
  </testcase> <!-- emptySource -->
  <testcase name="emptyEmail" time="0.0" classname="com.selenium.unittest.max.Registration">
    <skipped/>
  </testcase> <!-- emptyEmail -->
  <testcase name="emptyEmailForgotPass" time="0.0" classname="com.selenium.unittest.max.Login">
    <skipped/>
  </testcase> <!-- emptyEmailForgotPass -->
  <testcase name="emptyPassword" time="0.0" classname="com.selenium.unittest.max.Login">
    <skipped/>
  </testcase> <!-- emptyPassword -->
  <testcase name="emptyUsername" time="0.0" classname="com.selenium.unittest.max.Login">
    <skipped/>
  </testcase> <!-- emptyUsername -->
  <testcase name="invalidEmailForgotPass" time="0.0" classname="com.selenium.unittest.max.Login">
    <skipped/>
  </testcase> <!-- invalidEmailForgotPass -->
  <testcase name="showFormEmailForgotPassword" time="0.0" classname="com.selenium.unittest.max.Login">
    <skipped/>
  </testcase> <!-- showFormEmailForgotPassword -->
  <testcase name="emptyKeywordDic" time="0.0" classname="com.selenium.unittest.max.Dictionary">
    <skipped/>
  </testcase> <!-- emptyKeywordDic -->
  <testcase name="emptyNameDictionary" time="0.0" classname="com.selenium.unittest.max.Dictionary">
    <skipped/>
  </testcase> <!-- emptyNameDictionary -->
  <testcase name="nameDictionaryMoreThan255" time="0.0" classname="com.selenium.unittest.max.Dictionary">
    <skipped/>
  </testcase> <!-- nameDictionaryMoreThan255 -->
  <testcase name="spaceKeywordDic" time="0.001" classname="com.selenium.unittest.max.Dictionary">
    <skipped/>
  </testcase> <!-- spaceKeywordDic -->
  <testcase name="test1" time="0.0" classname="com.test.Testng">
    <skipped/>
  </testcase> <!-- test1 -->
  <testcase name="validChangePass" time="0.0" classname="com.selenium.integrationtest.max.ChangePassword">
    <skipped/>
  </testcase> <!-- validChangePass -->
  <testcase name="notSelectIndustryTemplate" time="0.0" classname="com.selenium.unittest.max.Topics">
    <ignored/>
  </testcase> <!-- notSelectIndustryTemplate -->
  <testcase name="deleteDictionary" time="0.0" classname="com.selenium.unittest.max.Dictionary">
    <ignored/>
  </testcase> <!-- deleteDictionary -->
  <testcase name="@BeforeTest beforeTest" time="0.0" classname="com.selenium.unittest.max.ChangePassword">
    <ignored/>
  </testcase> <!-- @BeforeTest beforeTest -->
  <testcase name="createDictionary" time="0.0" classname="com.selenium.unittest.max.Dictionary">
    <ignored/>
  </testcase> <!-- createDictionary -->
  <testcase name="checkExisttingEmail" time="0.0" classname="com.selenium.integrationtest.max.Registration">
    <ignored/>
  </testcase> <!-- checkExisttingEmail -->
  <testcase name="selectPlan" time="0.0" classname="com.selenium.unittest.max.Registration">
    <ignored/>
  </testcase> <!-- selectPlan -->
  <testcase name="notSelectSchemaTemplate" time="0.0" classname="com.selenium.unittest.max.Topics">
    <ignored/>
  </testcase> <!-- notSelectSchemaTemplate -->
</testsuite> <!-- Default test -->
