<?xml version="1.0" encoding="UTF-8"?>
<!-- Generated by org.testng.reporters.JUnitXMLReporter -->
<testsuite hostname="THINKPAD-PC" ignored="0" name="FirefoxTest" tests="1" failures="0" timestamp="08 Nov 2017 05:50:35 GMT" time="0.065" errors="0">
  <testcase name="@BeforeClass beforeTest" time="0.03" classname="com.test.Test">
    <failure type="java.lang.NullPointerException">
      <![CDATA[java.lang.NullPointerException
	at java.util.Properties$LineReader.readLine(Unknown Source)
	at java.util.Properties.load0(Unknown Source)
	at java.util.Properties.load(Unknown Source)
	at com.summit.util.file.FileProperties.readProperties(FileProperties.java:63)
	at com.summit.util.file.FileProperties.getProperties(FileProperties.java:36)
	at com.test.Test.beforeTest(Test.java:43)
... Removed 25 stack frames]]>
    </failure>
  </testcase> <!-- @BeforeClass beforeTest -->
  <testcase name="@AfterClass afterTest" time="0.0" classname="com.test.Test">
    <skipped/>
  </testcase> <!-- @AfterClass afterTest -->
  <testcase name="login" time="0.001" classname="com.test.Test">
    <skipped/>
  </testcase> <!-- login -->
</testsuite> <!-- FirefoxTest -->
