<?xml version="1.0" encoding="UTF-8"?>
<!-- Generated by org.testng.reporters.JUnitXMLReporter -->
<testsuite hostname="THINKPAD-PC" ignored="0" name="Tools QA" tests="2" failures="1" timestamp="02 Nov 2017 07:12:24 GMT" time="46.382" errors="0">
  <testcase name="CreateTopics" time="9.526" classname="com.selenium.test.topics.Create"/>
  <testcase name="deleteTopics" time="10.268" classname="com.selenium.test.topics.Delete">
    <failure type="java.lang.AssertionError" message="Expected condition failed: waiting for visibility of element located by By.xpath: //div/div/div/ul/li/a/i (tried for 10 second(s) with 500 MILLISECONDS interval)">
      <![CDATA[java.lang.AssertionError: Expected condition failed: waiting for visibility of element located by By.xpath: //div/div/div/ul/li/a/i (tried for 10 second(s) with 500 MILLISECONDS interval)
	at com.selenium.test.topics.Delete.deleteTopics(Delete.java:99)
... Removed 26 stack frames]]>
    </failure>
  </testcase> <!-- deleteTopics -->
</testsuite> <!-- Tools QA -->
